Starting ADE20K Baseline Pruning...
Loaded probe: checkpoints/ade20k_head.pth
Baseline Accuracy (seg): 0.3172
Running random strategy...
Running magnitude strategy...
Running importance strategy...
Running uniform strategy...
Saving results to results/baseline_pruning_ade20k_results.npz...
All done.
Starting COCO Baseline Pruning...
Loaded probe: checkpoints/coco_head.pth
loading annotations into memory...
Done (t=0.43s)
creating index...
index created!
Baseline Accuracy (det): 0.3843
Running random strategy...
Running magnitude strategy...
Running importance strategy...
Running uniform strategy...
Saving results to results/baseline_pruning_coco_results.npz...
All done.
Job finished.

------------------------------------------------------------
Sender: LSF System <lsfadmin@hpc.dtu.dk>
Subject: Job 28329163: <AttentionSurgeon_Pruning> in cluster <dcc> Done

Job <AttentionSurgeon_Pruning> was submitted from host <n-62-20-1> by user <s194504> in cluster <dcc> at Thu Apr 30 10:53:51 2026
Job was executed on host(s) <4*n-62-20-16>, in queue <gpuv100>, as user <s194504> in cluster <dcc> at Thu Apr 30 10:55:00 2026
</zhome/29/b/146867> was used as the home directory.
</zhome/29/b/146867/ADLCV/Proj/02501_AttentionSurgeon> was used as the working directory.
Started at Thu Apr 30 10:55:00 2026
Terminated at Thu Apr 30 11:14:09 2026
Results reported at Thu Apr 30 11:14:09 2026

Your job looked like:

------------------------------------------------------------
# LSBATCH: User input
#!/bin/sh
### General options
### –- specify queue --
# BSUB -q gpuv100
### -- set the job Name --
#BSUB -J AttentionSurgeon_Pruning
### -- ask for number of processors (cores) --
#BSUB -n 4
### -- Select node with 1 GPU --
#BSUB -gpu "num=1:mode=exclusive_process"
### -- set walltime limit: hh:mm --
#BSUB -W 02:00
### -- request GB memory per process --
#BSUB -R "rusage[mem=8GB]"
### -- Specify the output and error file. %J is the job-id --
### -- NOTE: We remove the logs/ prefix so it doesn't fail if the folder isn't there --
#BSUB -o gpu_%J.out
#BSUB -e gpu_%J.err
# -- end of LSF options --

# Load modules
module load python3/3.10.12
module load cuda/12.1

cd ADLCV/Proj/02501_AttentionSurgeon

# Activate virtual environment
source .venv/bin/activate

# Ensure logs directory exists for safety
mkdir -p results logs

echo "Starting ADE20K Baseline Pruning..."
# Reduced batch size to 4 to be safe with memory on large tasks
python src/run_baseline_pruning.py --dataset ade20k --batch-size 4

echo "Starting COCO Baseline Pruning..."
python src/run_baseline_pruning.py --dataset coco --batch-size 4

echo "Job finished."
------------------------------------------------------------

Successfully completed.

Resource usage summary:

    CPU time :                                   1609.00 sec.
    Max Memory :                                 1280 MB
    Average Memory :                             849.00 MB
    Total Requested Memory :                     32768.00 MB
    Delta Memory :                               31488.00 MB
    Max Swap :                                   -
    Max Processes :                              8
    Max Threads :                                27
    Run time :                                   1149 sec.
    Turnaround time :                            1218 sec.

The output (if any) is above this job summary.



PS:

Read file <gpu_28329163.err> for stderr output of this job.

