Starting ADE20K RL Agent Pruning Evaluation...
Loaded probe: checkpoints/ade20k_head.pth
Baseline Accuracy (seg): 0.3172
Loading PPO RL agent...
RL Agent loaded from checkpoints/rl_agent_ppo_ade20k.pt with input_dim=147 and action_dim=145
Running RL (PPO) strategy...
Saving results to results/baseline_pruning_ade20k_results.npz...
All done.
Starting COCO RL Agent Pruning Evaluation...
Loaded probe: checkpoints/coco_head.pth
loading annotations into memory...
Done (t=0.39s)
creating index...
index created!
Baseline Accuracy (det): 0.3843
Loading PPO RL agent...
RL Agent loaded from checkpoints/rl_agent_ppo_coco.pt with input_dim=147 and action_dim=145
Running RL (PPO) strategy...
Saving results to results/baseline_pruning_coco_results.npz...
All done.
Job finished.

------------------------------------------------------------
Sender: LSF System <lsfadmin@hpc.dtu.dk>
Subject: Job 28329423: <AttentionSurgeon_RL_EVAL> in cluster <dcc> Done

Job <AttentionSurgeon_RL_EVAL> was submitted from host <hpclogin1> by user <s194504> in cluster <dcc> at Thu Apr 30 12:01:35 2026
Job was executed on host(s) <4*n-62-11-16>, in queue <gpuv100>, as user <s194504> in cluster <dcc> at Thu Apr 30 12:23:07 2026
</zhome/29/b/146867> was used as the home directory.
</zhome/29/b/146867/ADLCV/Proj/02501_AttentionSurgeon> was used as the working directory.
Started at Thu Apr 30 12:23:07 2026
Terminated at Thu Apr 30 12:26:31 2026
Results reported at Thu Apr 30 12:26:31 2026

Your job looked like:

------------------------------------------------------------
# LSBATCH: User input
#!/bin/sh
### General options
#BSUB -q gpuv100
#BSUB -J AttentionSurgeon_RL_EVAL
#BSUB -n 4
#BSUB -gpu "num=1:mode=exclusive_process"
#BSUB -W 02:00
#BSUB -R "rusage[mem=10GB]"
#BSUB -o gpu_%J.out
#BSUB -e gpu_%J.err

# Load modules
module load python3/3.10.12
module load cuda/12.1

# Activate virtual environment
source .venv/bin/activate

# Ensure logs directory exists for safety
mkdir -p results logs

echo "Starting ADE20K RL Agent Pruning Evaluation..."
python src/run_baseline_pruning.py --dataset ade20k --batch-size 4 --run-agent --only-agent --rl-agent-ckpt checkpoints/rl_agent_ppo_ade20k.pt

echo "Starting COCO RL Agent Pruning Evaluation..."
python src/run_baseline_pruning.py --dataset coco --batch-size 4 --run-agent --only-agent --rl-agent-ckpt checkpoints/rl_agent_ppo_coco.pt

echo "Job finished."
------------------------------------------------------------

Successfully completed.

Resource usage summary:

    CPU time :                                   211.00 sec.
    Max Memory :                                 934 MB
    Average Memory :                             748.00 MB
    Total Requested Memory :                     40960.00 MB
    Delta Memory :                               40026.00 MB
    Max Swap :                                   -
    Max Processes :                              4
    Max Threads :                                10
    Run time :                                   204 sec.
    Turnaround time :                            1496 sec.

The output (if any) is above this job summary.



PS:

Read file <gpu_28329423.err> for stderr output of this job.

