Loaded dependency [python3/3.10.12]: sqlite3/3.42.0
Loaded module: python3/3.10.12

Loading python3/3.10.12
  Loading requirement: sqlite3/3.42.0
Loaded module: cuda/12.1
Loading weights:   0%|          | 0/223 [00:00<?, ?it/s]Loading weights: 100%|██████████| 223/223 [00:00<00:00, 10317.47it/s]
/zhome/29/b/146867/ADLCV/Proj/02501_AttentionSurgeon/src/run_baseline_pruning.py:61: FutureWarning: You are using `torch.load` with `weights_only=False` (the current default value), which uses the default pickle module implicitly. It is possible to construct malicious pickle data which will execute arbitrary code during unpickling (See https://github.com/pytorch/pytorch/blob/main/SECURITY.md#untrusted-models for more details). In a future release, the default value for `weights_only` will be flipped to `True`. This limits the functions that could be executed during unpickling. Arbitrary objects will no longer be allowed to be loaded via this mode unless they are explicitly allowlisted by the user via `torch.serialization.add_safe_globals`. We recommend you start setting `weights_only=True` for any use case where you don't have full control of the loaded file. Please open an issue on GitHub for any issues related to this experimental feature.
  probe.load_state_dict(torch.load(probe_ckpt, map_location=device))
Warning: You are sending unauthenticated requests to the HF Hub. Please set a HF_TOKEN to enable higher rate limits and faster downloads.
/zhome/29/b/146867/ADLCV/Proj/02501_AttentionSurgeon/.venv/lib/python3.12/site-packages/torch/utils/data/dataloader.py:557: UserWarning: This DataLoader will create 8 worker processes in total. Our suggested max number of worker in current system is 4, which is smaller than what this DataLoader is going to create. Please be aware that excessive worker creation might get DataLoader running slow or even freeze, lower the worker number to avoid potential slowness/freeze if necessary.
  warnings.warn(_create_warning_msg(
Traceback (most recent call last):
  File "/zhome/29/b/146867/ADLCV/Proj/02501_AttentionSurgeon/src/run_baseline_pruning.py", line 139, in <module>
    main()
  File "/zhome/29/b/146867/ADLCV/Proj/02501_AttentionSurgeon/src/run_baseline_pruning.py", line 108, in main
    means, stds = evaluator.run_pruning_strategy(strategy, census, n_steps=72, n_runs=runs)
                  ^^^^^^^^^^^^^^^^^^^^^^^^^^^^^^^^^^^^^^^^^^^^^^^^^^^^^^^^^^^^^^^^^^^^^^^^^
  File "/zhome/29/b/146867/ADLCV/Proj/02501_AttentionSurgeon/src/prune.py", line 161, in run_pruning_strategy
    layer, head = strategy(mask, census)
                  ^^^^^^^^^^^^^^^^^^^^^^
  File "/zhome/29/b/146867/ADLCV/Proj/02501_AttentionSurgeon/src/prune.py", line 118, in importance_strategy
    scores = census["importance"].clone()
             ~~~~~~^^^^^^^^^^^^^^
KeyError: 'importance'
Loading weights:   0%|          | 0/223 [00:00<?, ?it/s]Loading weights: 100%|██████████| 223/223 [00:00<00:00, 11263.47it/s]
/zhome/29/b/146867/ADLCV/Proj/02501_AttentionSurgeon/src/run_baseline_pruning.py:61: FutureWarning: You are using `torch.load` with `weights_only=False` (the current default value), which uses the default pickle module implicitly. It is possible to construct malicious pickle data which will execute arbitrary code during unpickling (See https://github.com/pytorch/pytorch/blob/main/SECURITY.md#untrusted-models for more details). In a future release, the default value for `weights_only` will be flipped to `True`. This limits the functions that could be executed during unpickling. Arbitrary objects will no longer be allowed to be loaded via this mode unless they are explicitly allowlisted by the user via `torch.serialization.add_safe_globals`. We recommend you start setting `weights_only=True` for any use case where you don't have full control of the loaded file. Please open an issue on GitHub for any issues related to this experimental feature.
  probe.load_state_dict(torch.load(probe_ckpt, map_location=device))
Warning: You are sending unauthenticated requests to the HF Hub. Please set a HF_TOKEN to enable higher rate limits and faster downloads.
Loading weights:   0%|          | 0/223 [00:00<?, ?it/s]Loading weights: 100%|██████████| 223/223 [00:00<00:00, 11523.81it/s]
/zhome/29/b/146867/ADLCV/Proj/02501_AttentionSurgeon/src/run_baseline_pruning.py:61: FutureWarning: You are using `torch.load` with `weights_only=False` (the current default value), which uses the default pickle module implicitly. It is possible to construct malicious pickle data which will execute arbitrary code during unpickling (See https://github.com/pytorch/pytorch/blob/main/SECURITY.md#untrusted-models for more details). In a future release, the default value for `weights_only` will be flipped to `True`. This limits the functions that could be executed during unpickling. Arbitrary objects will no longer be allowed to be loaded via this mode unless they are explicitly allowlisted by the user via `torch.serialization.add_safe_globals`. We recommend you start setting `weights_only=True` for any use case where you don't have full control of the loaded file. Please open an issue on GitHub for any issues related to this experimental feature.
  probe.load_state_dict(torch.load(probe_ckpt, map_location=device))
